<?xml version="1.0" encoding="UTF-8"?>
<testng-results ignored="0" total="1" passed="1" failed="0" skipped="0">
  <reporter-output>
  </reporter-output>
  <suite started-at="2021-05-07T17:41:43 IST" name="Edureka_DevOps_Project" finished-at="2021-05-07T17:41:48 IST" duration-ms="4567">
    <groups>
    </groups>
    <test started-at="2021-05-07T17:41:43 IST" name="Edureka_Test_Website" finished-at="2021-05-07T17:41:48 IST" duration-ms="4567">
      <class name="EdurekaProj_SeleniumTest.EdurekaTestWebsite">
        <test-method is-config="true" signature="BeforeTestMethod()[pri:0, instance:EdurekaProj_SeleniumTest.EdurekaTestWebsite@31f9b85e]" started-at="2021-05-07T17:41:43 IST" name="BeforeTestMethod" finished-at="2021-05-07T17:41:43 IST" duration-ms="10" status="PASS">
          <reporter-output>
          </reporter-output>
        </test-method> <!-- BeforeTestMethod -->
        <test-method signature="TestMethod()[pri:0, instance:EdurekaProj_SeleniumTest.EdurekaTestWebsite@31f9b85e]" started-at="2021-05-07T17:41:43 IST" name="TestMethod" finished-at="2021-05-07T17:41:48 IST" duration-ms="4418" status="PASS">
          <reporter-output>
          </reporter-output>
        </test-method> <!-- TestMethod -->
        <test-method is-config="true" signature="DriverClose()[pri:0, instance:EdurekaProj_SeleniumTest.EdurekaTestWebsite@31f9b85e]" started-at="2021-05-07T17:41:48 IST" name="DriverClose" finished-at="2021-05-07T17:41:48 IST" duration-ms="105" status="PASS">
          <reporter-output>
          </reporter-output>
        </test-method> <!-- DriverClose -->
      </class> <!-- EdurekaProj_SeleniumTest.EdurekaTestWebsite -->
    </test> <!-- Edureka_Test_Website -->
  </suite> <!-- Edureka_DevOps_Project -->
</testng-results>
